2025-03-15T08:50:35.559+0700	INFO	commands/commands.go:31	Ttests
2025-03-15T08:51:18.665+0700	INFO	commands/commands.go:31	Ttests
2025-03-15T08:53:38.517+0700	INFO	commands/commands.go:31	Ttests
2025-03-15T08:54:21.128+0700	INFO	commands/commands.go:31	Ttests
2025-03-15T09:06:10.933+0700	INFO	commands/commands.go:30	Ttests
2025-03-15T09:06:25.512+0700	INFO	commands/commands.go:30	Ttests
2025-03-15T09:07:12.307+0700	INFO	commands/commands.go:30	Ttests
2025-03-17T21:34:49.144+0700	INFO	[GIN-debug] [WARNING] Running in "debug" mode. Switch to "release" mode in production.
 - using env:	export GIN_MODE=release
 - using code:	gin.SetMode(gin.ReleaseMode)


2025-03-17T21:34:49.145+0700	INFO	[GIN-debug] GET    /                         --> github.com/caophuoclong/codifech/commands.(*ServeCommand).Run.func1 (1 handlers)

2025-03-17T21:36:36.438+0700	INFO	[GIN-debug] [WARNING] Running in "debug" mode. Switch to "release" mode in production.
 - using env:	export GIN_MODE=release
 - using code:	gin.SetMode(gin.ReleaseMode)


2025-03-17T21:36:36.439+0700	INFO	[GIN-debug] GET    /                         --> github.com/caophuoclong/codifech/commands.(*ServeCommand).Run.func1 (1 handlers)

2025-03-17T21:37:30.632+0700	INFO	[GIN-debug] [WARNING] Running in "debug" mode. Switch to "release" mode in production.
 - using env:	export GIN_MODE=release
 - using code:	gin.SetMode(gin.ReleaseMode)


2025-03-17T21:37:30.634+0700	INFO	[GIN-debug] GET    /                         --> github.com/caophuoclong/codifech/commands.(*ServeCommand).Run.func1 (1 handlers)

2025-03-17T21:46:04.440+0700	INFO	[GIN-debug] [WARNING] Running in "debug" mode. Switch to "release" mode in production.
 - using env:	export GIN_MODE=release
 - using code:	gin.SetMode(gin.ReleaseMode)


2025-03-17T21:46:04.441+0700	INFO	[GIN-debug] GET    /                         --> github.com/caophuoclong/codifech/commands.(*ServeCommand).Run.func1 (1 handlers)

2025-03-17T21:47:57.416+0700	INFO	[GIN-debug] [WARNING] Running in "debug" mode. Switch to "release" mode in production.
 - using env:	export GIN_MODE=release
 - using code:	gin.SetMode(gin.ReleaseMode)


2025-03-17T21:47:57.417+0700	INFO	[GIN-debug] GET    /                         --> github.com/caophuoclong/codifech/commands.(*ServeCommand).Run.func1 (1 handlers)

2025-03-17T21:48:02.236+0700	INFO	[GIN-debug] [WARNING] Running in "debug" mode. Switch to "release" mode in production.
 - using env:	export GIN_MODE=release
 - using code:	gin.SetMode(gin.ReleaseMode)


2025-03-17T21:48:02.236+0700	INFO	[GIN-debug] GET    /                         --> github.com/caophuoclong/codifech/commands.(*ServeCommand).Run.func1 (1 handlers)

2025-03-17T21:49:48.074+0700	INFO	[GIN-debug] [WARNING] Running in "debug" mode. Switch to "release" mode in production.
 - using env:	export GIN_MODE=release
 - using code:	gin.SetMode(gin.ReleaseMode)


2025-03-17T21:49:48.075+0700	INFO	[GIN-debug] GET    /                         --> github.com/caophuoclong/codifech/commands.(*ServeCommand).Run.func1 (1 handlers)

2025-03-17T21:49:53.009+0700	INFO	[GIN-debug] [WARNING] Running in "debug" mode. Switch to "release" mode in production.
 - using env:	export GIN_MODE=release
 - using code:	gin.SetMode(gin.ReleaseMode)


2025-03-17T21:49:53.009+0700	INFO	[GIN-debug] GET    /                         --> github.com/caophuoclong/codifech/commands.(*ServeCommand).Run.func1 (1 handlers)

2025-03-17T21:50:19.149+0700	INFO	[GIN-debug] [WARNING] Running in "debug" mode. Switch to "release" mode in production.
 - using env:	export GIN_MODE=release
 - using code:	gin.SetMode(gin.ReleaseMode)


2025-03-17T21:50:19.150+0700	INFO	[GIN-debug] GET    /                         --> github.com/caophuoclong/codifech/commands.(*ServeCommand).Run.func1 (1 handlers)

2025-03-17T21:50:41.800+0700	INFO	[GIN-debug] [WARNING] Running in "debug" mode. Switch to "release" mode in production.
 - using env:	export GIN_MODE=release
 - using code:	gin.SetMode(gin.ReleaseMode)


2025-03-17T21:50:41.801+0700	INFO	[GIN-debug] GET    /                         --> github.com/caophuoclong/codifech/commands.(*ServeCommand).Run.func1 (1 handlers)

2025-03-17T21:51:34.435+0700	INFO	[GIN-debug] [WARNING] Running in "debug" mode. Switch to "release" mode in production.
 - using env:	export GIN_MODE=release
 - using code:	gin.SetMode(gin.ReleaseMode)


2025-03-17T21:51:34.436+0700	INFO	[GIN-debug] GET    /                         --> github.com/caophuoclong/codifech/commands.(*ServeCommand).Run.func1 (1 handlers)

2025-03-17T21:51:46.625+0700	INFO	[GIN-debug] [WARNING] Running in "debug" mode. Switch to "release" mode in production.
 - using env:	export GIN_MODE=release
 - using code:	gin.SetMode(gin.ReleaseMode)


2025-03-17T21:51:46.626+0700	INFO	[GIN-debug] GET    /                         --> github.com/caophuoclong/codifech/commands.(*ServeCommand).Run.func1 (1 handlers)

2025-03-17T21:51:51.851+0700	INFO	[GIN-debug] [WARNING] Running in "debug" mode. Switch to "release" mode in production.
 - using env:	export GIN_MODE=release
 - using code:	gin.SetMode(gin.ReleaseMode)


2025-03-17T21:51:51.851+0700	INFO	[GIN-debug] GET    /                         --> github.com/caophuoclong/codifech/commands.(*ServeCommand).Run.func1 (1 handlers)

2025-03-17T21:53:37.899+0700	INFO	[GIN-debug] [WARNING] Running in "debug" mode. Switch to "release" mode in production.
 - using env:	export GIN_MODE=release
 - using code:	gin.SetMode(gin.ReleaseMode)


2025-03-17T21:53:37.900+0700	INFO	[GIN-debug] GET    /                         --> github.com/caophuoclong/codifech/commands.(*ServeCommand).Run.func1 (1 handlers)

2025-03-17T21:54:07.975+0700	INFO	[GIN-debug] [WARNING] Running in "debug" mode. Switch to "release" mode in production.
 - using env:	export GIN_MODE=release
 - using code:	gin.SetMode(gin.ReleaseMode)


2025-03-17T21:54:07.977+0700	INFO	[GIN-debug] GET    /                         --> github.com/caophuoclong/codifech/commands.(*ServeCommand).Run.func1 (1 handlers)

2025-03-17T21:54:13.345+0700	INFO	[GIN-debug] [WARNING] Running in "debug" mode. Switch to "release" mode in production.
 - using env:	export GIN_MODE=release
 - using code:	gin.SetMode(gin.ReleaseMode)


2025-03-17T21:54:13.346+0700	INFO	[GIN-debug] GET    /                         --> github.com/caophuoclong/codifech/commands.(*ServeCommand).Run.func1 (1 handlers)

2025-03-17T21:54:22.988+0700	INFO	[GIN-debug] [WARNING] Running in "debug" mode. Switch to "release" mode in production.
 - using env:	export GIN_MODE=release
 - using code:	gin.SetMode(gin.ReleaseMode)


2025-03-17T21:54:22.988+0700	INFO	[GIN-debug] GET    /                         --> github.com/caophuoclong/codifech/commands.(*ServeCommand).Run.func1 (1 handlers)

2025-03-17T21:54:25.768+0700	INFO	[GIN-debug] [WARNING] Running in "debug" mode. Switch to "release" mode in production.
 - using env:	export GIN_MODE=release
 - using code:	gin.SetMode(gin.ReleaseMode)


2025-03-17T21:54:25.769+0700	INFO	[GIN-debug] GET    /                         --> github.com/caophuoclong/codifech/commands.(*ServeCommand).Run.func1 (1 handlers)

2025-03-17T21:54:39.343+0700	INFO	[GIN-debug] [WARNING] Running in "debug" mode. Switch to "release" mode in production.
 - using env:	export GIN_MODE=release
 - using code:	gin.SetMode(gin.ReleaseMode)


2025-03-17T21:54:39.344+0700	INFO	[GIN-debug] GET    /                         --> github.com/caophuoclong/codifech/commands.(*ServeCommand).Run.func1 (1 handlers)

2025-03-17T21:55:07.672+0700	INFO	[GIN-debug] [WARNING] Running in "debug" mode. Switch to "release" mode in production.
 - using env:	export GIN_MODE=release
 - using code:	gin.SetMode(gin.ReleaseMode)


2025-03-17T21:55:07.673+0700	INFO	[GIN-debug] GET    /                         --> github.com/caophuoclong/codifech/commands.(*ServeCommand).Run.func1 (1 handlers)

2025-03-17T21:55:37.100+0700	INFO	commands/serve.go:20	Running Server on port :8080
2025-03-17T21:56:00.895+0700	INFO	commands/serve.go:20	Running Server on port :8080
2025-03-17T22:08:55.223+0700	INFO	commands/serve.go:20	Running Server on port :8080
2025-03-17T22:10:19.924+0700	INFO	commands/serve.go:20	Running Server on port :8080
2025-03-17T22:10:20.127+0700	INFO	commands/serve.go:20	Running Server on port :8080
2025-03-17T22:10:34.944+0700	INFO	commands/serve.go:20	Running Server on port :8080
2025-03-17T22:22:04.470+0700	INFO	commands/serve.go:20	Running Server on port :8080
2025-03-17T22:22:35.106+0700	INFO	commands/serve.go:22	Running Server on port :8088
2025-03-17T22:23:47.199+0700	INFO	commands/serve.go:22	Running Server on port :8088
2025-03-17T22:25:40.835+0700	INFO	commands/serve.go:22	Running Server on port :8088
2025-03-17T22:27:27.286+0700	INFO	commands/serve.go:22	Running Server on port :8088
2025-03-17T22:27:39.586+0700	INFO	commands/serve.go:22	Running Server on port :8088
2025-03-17T22:27:48.882+0700	INFO	commands/serve.go:22	Running Server on port :8088
2025-03-17T22:29:41.544+0700	INFO	commands/serve.go:22	Running Server on port :8088
2025-03-17T22:31:08.286+0700	INFO	commands/serve.go:22	Running Server on port :8088
2025-03-17T22:31:10.824+0700	INFO	commands/serve.go:22	Running Server on port :8088
2025-03-17T22:31:34.308+0700	INFO	commands/serve.go:22	Running Server on port :8088
2025-03-17T22:31:35.681+0700	INFO	commands/serve.go:22	Running Server on port :8088
2025-03-17T22:31:36.921+0700	INFO	commands/serve.go:22	Running Server on port :8088
2025-03-17T22:33:02.062+0700	INFO	commands/serve.go:22	Running Server on port :8088
2025-03-17T22:33:17.744+0700	INFO	commands/serve.go:22	Running Server on port :8088
2025-03-17T22:34:18.833+0700	INFO	commands/serve.go:22	Running Server on port :8088
2025-03-17T22:34:30.780+0700	INFO	commands/serve.go:22	Running Server on port :8088
2025-03-17T22:34:48.679+0700	INFO	commands/serve.go:22	Running Server on port :8088
2025-03-17T22:35:30.781+0700	INFO	commands/serve.go:22	Running Server on port :8088
2025-03-17T22:35:37.507+0700	INFO	commands/serve.go:22	Running Server on port :8088
2025-03-17T22:35:51.227+0700	INFO	commands/serve.go:22	Running Server on port :8088
2025-03-17T22:39:18.786+0700	INFO	commands/serve.go:22	Running Server on port :8088
2025-03-17T22:39:29.883+0700	INFO	commands/serve.go:22	Running Server on port :8088
2025-03-17T22:40:03.506+0700	INFO	commands/serve.go:22	Running Server on port :8088
2025-03-17T22:44:00.258+0700	INFO	commands/serve.go:22	Running Server on port :8088
2025-03-17T22:44:09.913+0700	INFO	commands/serve.go:22	Running Server on port :8088
2025-03-17T22:44:21.608+0700	INFO	commands/serve.go:22	Running Server on port :8088
2025-03-17T22:44:33.730+0700	INFO	commands/serve.go:22	Running Server on port :8088
2025-03-17T22:44:51.420+0700	INFO	commands/serve.go:22	Running Server on port :8088
2025-03-17T22:46:14.217+0700	FATAL	commands/commands.go:44	missing dependencies for function "github.com/caophuoclong/codifech/commands".(*ServeCommand).Run.func1 (/Users/phuoclong/Code/Personal/codifech/commands/serve.go:18): missing type: routes.Routes
github.com/caophuoclong/codifech/commands.WrapSubCommand.func1
	/Users/phuoclong/Code/Personal/codifech/commands/commands.go:44
github.com/spf13/cobra.(*Command).execute
	/Users/phuoclong/go/pkg/mod/github.com/spf13/cobra@v1.9.1/command.go:1019
github.com/spf13/cobra.(*Command).ExecuteC
	/Users/phuoclong/go/pkg/mod/github.com/spf13/cobra@v1.9.1/command.go:1148
github.com/spf13/cobra.(*Command).Execute
	/Users/phuoclong/go/pkg/mod/github.com/spf13/cobra@v1.9.1/command.go:1071
main.main
	/Users/phuoclong/Code/Personal/codifech/main.go:9
runtime.main
	/usr/local/go/src/runtime/proc.go:272
2025-03-17T22:46:31.870+0700	INFO	[GIN-debug] [WARNING] Running in "debug" mode. Switch to "release" mode in production.
 - using env:	export GIN_MODE=release
 - using code:	gin.SetMode(gin.ReleaseMode)


2025-03-17T22:46:31.870+0700	INFO	routes/auth.go:13	Setting up Auth Routes
2025-03-17T22:46:33.988+0700	INFO	[GIN-debug] [WARNING] Running in "debug" mode. Switch to "release" mode in production.
 - using env:	export GIN_MODE=release
 - using code:	gin.SetMode(gin.ReleaseMode)


2025-03-17T22:46:33.988+0700	INFO	routes/auth.go:13	Setting up Auth Routes
2025-03-17T22:47:07.482+0700	INFO	[GIN-debug] [WARNING] Running in "debug" mode. Switch to "release" mode in production.
 - using env:	export GIN_MODE=release
 - using code:	gin.SetMode(gin.ReleaseMode)


2025-03-17T22:47:07.483+0700	INFO	routes/auth.go:13	Setting up Auth Routes
2025-03-17T22:49:39.184+0700	INFO	[GIN-debug] [WARNING] Running in "debug" mode. Switch to "release" mode in production.
 - using env:	export GIN_MODE=release
 - using code:	gin.SetMode(gin.ReleaseMode)


2025-03-17T22:49:39.185+0700	INFO	routes/auth.go:13	Setting up Auth Routes
2025-03-18T07:12:36.264+0700	INFO	[GIN-debug] [WARNING] Running in "debug" mode. Switch to "release" mode in production.
 - using env:	export GIN_MODE=release
 - using code:	gin.SetMode(gin.ReleaseMode)


2025-03-18T07:12:36.264+0700	INFO	routes/auth.go:13	Setting up Auth Routes
2025-03-18T07:13:15.242+0700	INFO	[GIN-debug] [WARNING] Running in "debug" mode. Switch to "release" mode in production.
 - using env:	export GIN_MODE=release
 - using code:	gin.SetMode(gin.ReleaseMode)


2025-03-18T07:13:15.242+0700	INFO	routes/auth.go:13	Setting up Auth Routes
2025-03-18T07:13:57.391+0700	INFO	[GIN-debug] [WARNING] Running in "debug" mode. Switch to "release" mode in production.
 - using env:	export GIN_MODE=release
 - using code:	gin.SetMode(gin.ReleaseMode)


2025-03-18T07:13:57.391+0700	INFO	routes/auth.go:13	Setting up Auth Routes
2025-03-18T07:13:59.761+0700	INFO	[GIN-debug] [WARNING] Running in "debug" mode. Switch to "release" mode in production.
 - using env:	export GIN_MODE=release
 - using code:	gin.SetMode(gin.ReleaseMode)


2025-03-18T07:13:59.761+0700	INFO	routes/auth.go:13	Setting up Auth Routes
2025-03-18T07:14:54.209+0700	INFO	[GIN-debug] [WARNING] Running in "debug" mode. Switch to "release" mode in production.
 - using env:	export GIN_MODE=release
 - using code:	gin.SetMode(gin.ReleaseMode)


2025-03-18T07:14:54.209+0700	INFO	routes/auth.go:13	Setting up Auth Routes
2025-03-18T07:16:05.818+0700	INFO	[GIN-debug] [WARNING] Running in "debug" mode. Switch to "release" mode in production.
 - using env:	export GIN_MODE=release
 - using code:	gin.SetMode(gin.ReleaseMode)


2025-03-18T07:16:05.818+0700	INFO	routes/auth.go:13	Setting up Auth Routes
2025-03-18T07:16:20.021+0700	INFO	[GIN-debug] [WARNING] Running in "debug" mode. Switch to "release" mode in production.
 - using env:	export GIN_MODE=release
 - using code:	gin.SetMode(gin.ReleaseMode)


2025-03-18T07:16:20.022+0700	INFO	routes/auth.go:13	Setting up Auth Routes
2025-03-18T07:18:23.544+0700	INFO	[GIN-debug] [WARNING] Running in "debug" mode. Switch to "release" mode in production.
 - using env:	export GIN_MODE=release
 - using code:	gin.SetMode(gin.ReleaseMode)


2025-03-18T07:18:23.545+0700	INFO	routes/auth.go:13	Setting up Auth Routes
2025-03-18T07:18:31.542+0700	INFO	[GIN-debug] [WARNING] Running in "debug" mode. Switch to "release" mode in production.
 - using env:	export GIN_MODE=release
 - using code:	gin.SetMode(gin.ReleaseMode)


2025-03-18T07:18:31.542+0700	INFO	routes/auth.go:13	Setting up Auth Routes
2025-03-18T07:20:18.246+0700	INFO	[GIN-debug] [WARNING] Running in "debug" mode. Switch to "release" mode in production.
 - using env:	export GIN_MODE=release
 - using code:	gin.SetMode(gin.ReleaseMode)


2025-03-18T07:20:18.246+0700	INFO	routes/auth.go:13	Setting up Auth Routes
2025-03-18T07:20:33.633+0700	INFO	[GIN-debug] [WARNING] Running in "debug" mode. Switch to "release" mode in production.
 - using env:	export GIN_MODE=release
 - using code:	gin.SetMode(gin.ReleaseMode)


2025-03-18T07:20:33.633+0700	INFO	commands/serve.go:25	Running Server on port :8088
2025-03-18T07:20:33.633+0700	INFO	[GIN-debug] [WARNING] You trusted all proxies, this is NOT safe. We recommend you to set a value.
Please check https://pkg.go.dev/github.com/gin-gonic/gin#readme-don-t-trust-all-proxies for details.

2025-03-18T07:20:33.633+0700	INFO	[GIN-debug] Listening and serving HTTP on :8088

2025-03-18T07:20:57.469+0700	INFO	[GIN-debug] [WARNING] Running in "debug" mode. Switch to "release" mode in production.
 - using env:	export GIN_MODE=release
 - using code:	gin.SetMode(gin.ReleaseMode)


2025-03-18T07:20:57.469+0700	INFO	commands/serve.go:25	Running Server on port :8088
2025-03-18T07:20:57.469+0700	INFO	[GIN-debug] [WARNING] You trusted all proxies, this is NOT safe. We recommend you to set a value.
Please check https://pkg.go.dev/github.com/gin-gonic/gin#readme-don-t-trust-all-proxies for details.

2025-03-18T07:20:57.469+0700	INFO	[GIN-debug] Listening and serving HTTP on :8088

2025-03-18T07:21:02.705+0700	INFO	[GIN-debug] [WARNING] Running in "debug" mode. Switch to "release" mode in production.
 - using env:	export GIN_MODE=release
 - using code:	gin.SetMode(gin.ReleaseMode)


2025-03-18T07:21:02.705+0700	INFO	commands/serve.go:25	Running Server on port :8088
2025-03-18T07:21:02.705+0700	INFO	[GIN-debug] [WARNING] You trusted all proxies, this is NOT safe. We recommend you to set a value.
Please check https://pkg.go.dev/github.com/gin-gonic/gin#readme-don-t-trust-all-proxies for details.

2025-03-18T07:21:02.705+0700	INFO	[GIN-debug] Listening and serving HTTP on :8088

2025-03-18T07:22:35.366+0700	INFO	[GIN-debug] [WARNING] Running in "debug" mode. Switch to "release" mode in production.
 - using env:	export GIN_MODE=release
 - using code:	gin.SetMode(gin.ReleaseMode)


2025-03-18T07:22:35.367+0700	INFO	commands/serve.go:25	Running Server on port :8088
2025-03-18T07:22:35.367+0700	INFO	[GIN-debug] [WARNING] You trusted all proxies, this is NOT safe. We recommend you to set a value.
Please check https://pkg.go.dev/github.com/gin-gonic/gin#readme-don-t-trust-all-proxies for details.

2025-03-18T07:22:35.367+0700	INFO	[GIN-debug] Listening and serving HTTP on :8088

2025-03-18T07:22:40.724+0700	INFO	[GIN-debug] [WARNING] Running in "debug" mode. Switch to "release" mode in production.
 - using env:	export GIN_MODE=release
 - using code:	gin.SetMode(gin.ReleaseMode)


2025-03-18T07:22:40.724+0700	INFO	commands/serve.go:25	Running Server on port :8088
2025-03-18T07:22:40.724+0700	INFO	[GIN-debug] [WARNING] You trusted all proxies, this is NOT safe. We recommend you to set a value.
Please check https://pkg.go.dev/github.com/gin-gonic/gin#readme-don-t-trust-all-proxies for details.

2025-03-18T07:22:40.724+0700	INFO	[GIN-debug] Listening and serving HTTP on :8088

2025-03-18T07:23:39.195+0700	INFO	[GIN-debug] [WARNING] Running in "debug" mode. Switch to "release" mode in production.
 - using env:	export GIN_MODE=release
 - using code:	gin.SetMode(gin.ReleaseMode)


2025-03-18T07:23:39.195+0700	INFO	commands/serve.go:25	Running Server on port :8088
2025-03-18T07:23:39.195+0700	INFO	[GIN-debug] [WARNING] You trusted all proxies, this is NOT safe. We recommend you to set a value.
Please check https://pkg.go.dev/github.com/gin-gonic/gin#readme-don-t-trust-all-proxies for details.

2025-03-18T07:23:39.195+0700	INFO	[GIN-debug] Listening and serving HTTP on :8088

2025-03-18T07:24:44.523+0700	INFO	[GIN-debug] [WARNING] Running in "debug" mode. Switch to "release" mode in production.
 - using env:	export GIN_MODE=release
 - using code:	gin.SetMode(gin.ReleaseMode)


2025-03-18T07:24:44.523+0700	INFO	commands/serve.go:25	Running Server on port :8088
2025-03-18T07:24:44.523+0700	INFO	[GIN-debug] [WARNING] You trusted all proxies, this is NOT safe. We recommend you to set a value.
Please check https://pkg.go.dev/github.com/gin-gonic/gin#readme-don-t-trust-all-proxies for details.

2025-03-18T07:24:44.523+0700	INFO	[GIN-debug] Listening and serving HTTP on :8088

2025-03-18T07:25:15.374+0700	INFO	[GIN-debug] [WARNING] Running in "debug" mode. Switch to "release" mode in production.
 - using env:	export GIN_MODE=release
 - using code:	gin.SetMode(gin.ReleaseMode)


2025-03-18T07:25:15.374+0700	INFO	commands/serve.go:25	Running Server on port :8088
2025-03-18T07:25:15.374+0700	INFO	[GIN-debug] [WARNING] You trusted all proxies, this is NOT safe. We recommend you to set a value.
Please check https://pkg.go.dev/github.com/gin-gonic/gin#readme-don-t-trust-all-proxies for details.

2025-03-18T07:25:15.374+0700	INFO	[GIN-debug] Listening and serving HTTP on :8088

2025-03-18T07:25:30.390+0700	INFO	[GIN-debug] [WARNING] Running in "debug" mode. Switch to "release" mode in production.
 - using env:	export GIN_MODE=release
 - using code:	gin.SetMode(gin.ReleaseMode)


2025-03-18T07:25:30.390+0700	INFO	commands/serve.go:25	Running Server on port :8088
2025-03-18T07:25:30.390+0700	INFO	[GIN-debug] [WARNING] You trusted all proxies, this is NOT safe. We recommend you to set a value.
Please check https://pkg.go.dev/github.com/gin-gonic/gin#readme-don-t-trust-all-proxies for details.

2025-03-18T07:25:30.390+0700	INFO	[GIN-debug] Listening and serving HTTP on :8088

2025-03-18T07:25:42.954+0700	INFO	[GIN-debug] [WARNING] Running in "debug" mode. Switch to "release" mode in production.
 - using env:	export GIN_MODE=release
 - using code:	gin.SetMode(gin.ReleaseMode)


2025-03-18T07:25:42.954+0700	INFO	commands/serve.go:25	Running Server on port :8088
2025-03-18T07:25:42.954+0700	INFO	[GIN-debug] [WARNING] You trusted all proxies, this is NOT safe. We recommend you to set a value.
Please check https://pkg.go.dev/github.com/gin-gonic/gin#readme-don-t-trust-all-proxies for details.

2025-03-18T07:25:42.954+0700	INFO	[GIN-debug] Listening and serving HTTP on :8088

2025-03-18T07:25:45.012+0700	INFO	[GIN-debug] [WARNING] Running in "debug" mode. Switch to "release" mode in production.
 - using env:	export GIN_MODE=release
 - using code:	gin.SetMode(gin.ReleaseMode)


2025-03-18T07:25:45.012+0700	INFO	commands/serve.go:25	Running Server on port :8088
2025-03-18T07:25:45.012+0700	INFO	[GIN-debug] [WARNING] You trusted all proxies, this is NOT safe. We recommend you to set a value.
Please check https://pkg.go.dev/github.com/gin-gonic/gin#readme-don-t-trust-all-proxies for details.

2025-03-18T07:25:45.012+0700	INFO	[GIN-debug] Listening and serving HTTP on :8088

2025-03-18T07:25:53.138+0700	INFO	[GIN-debug] [WARNING] Running in "debug" mode. Switch to "release" mode in production.
 - using env:	export GIN_MODE=release
 - using code:	gin.SetMode(gin.ReleaseMode)


2025-03-18T07:25:53.138+0700	INFO	commands/serve.go:25	Running Server on port :8088
2025-03-18T07:25:53.138+0700	INFO	[GIN-debug] [WARNING] You trusted all proxies, this is NOT safe. We recommend you to set a value.
Please check https://pkg.go.dev/github.com/gin-gonic/gin#readme-don-t-trust-all-proxies for details.

2025-03-18T07:25:53.138+0700	INFO	[GIN-debug] Listening and serving HTTP on :8088

2025-03-18T07:26:29.503+0700	INFO	[GIN-debug] [WARNING] Running in "debug" mode. Switch to "release" mode in production.
 - using env:	export GIN_MODE=release
 - using code:	gin.SetMode(gin.ReleaseMode)


2025-03-18T07:26:29.503+0700	INFO	commands/serve.go:25	Running Server on port :8088
2025-03-18T07:26:29.503+0700	INFO	[GIN-debug] [WARNING] You trusted all proxies, this is NOT safe. We recommend you to set a value.
Please check https://pkg.go.dev/github.com/gin-gonic/gin#readme-don-t-trust-all-proxies for details.

2025-03-18T07:26:29.503+0700	INFO	[GIN-debug] Listening and serving HTTP on :8088

2025-03-18T07:26:36.701+0700	INFO	[GIN-debug] [WARNING] Running in "debug" mode. Switch to "release" mode in production.
 - using env:	export GIN_MODE=release
 - using code:	gin.SetMode(gin.ReleaseMode)


2025-03-18T07:26:36.701+0700	INFO	commands/serve.go:25	Running Server on port :8088
2025-03-18T07:26:36.701+0700	INFO	[GIN-debug] [WARNING] You trusted all proxies, this is NOT safe. We recommend you to set a value.
Please check https://pkg.go.dev/github.com/gin-gonic/gin#readme-don-t-trust-all-proxies for details.

2025-03-18T07:26:36.701+0700	INFO	[GIN-debug] Listening and serving HTTP on :8088

2025-03-18T07:26:43.862+0700	INFO	[GIN-debug] [WARNING] Running in "debug" mode. Switch to "release" mode in production.
 - using env:	export GIN_MODE=release
 - using code:	gin.SetMode(gin.ReleaseMode)


2025-03-18T07:26:43.862+0700	INFO	commands/serve.go:25	Running Server on port :8088
2025-03-18T07:26:43.862+0700	INFO	[GIN-debug] [WARNING] You trusted all proxies, this is NOT safe. We recommend you to set a value.
Please check https://pkg.go.dev/github.com/gin-gonic/gin#readme-don-t-trust-all-proxies for details.

2025-03-18T07:26:43.862+0700	INFO	[GIN-debug] Listening and serving HTTP on :8088

2025-03-18T07:26:49.249+0700	INFO	[GIN-debug] [WARNING] Running in "debug" mode. Switch to "release" mode in production.
 - using env:	export GIN_MODE=release
 - using code:	gin.SetMode(gin.ReleaseMode)


2025-03-18T07:26:49.249+0700	INFO	commands/serve.go:25	Running Server on port :8088
2025-03-18T07:26:49.249+0700	INFO	[GIN-debug] [WARNING] You trusted all proxies, this is NOT safe. We recommend you to set a value.
Please check https://pkg.go.dev/github.com/gin-gonic/gin#readme-don-t-trust-all-proxies for details.

2025-03-18T07:26:49.249+0700	INFO	[GIN-debug] Listening and serving HTTP on :8088

2025-03-18T07:27:45.282+0700	INFO	[GIN-debug] [WARNING] Running in "debug" mode. Switch to "release" mode in production.
 - using env:	export GIN_MODE=release
 - using code:	gin.SetMode(gin.ReleaseMode)


2025-03-18T07:27:45.282+0700	INFO	commands/serve.go:25	Running Server on port :8088
2025-03-18T07:27:45.283+0700	INFO	[GIN-debug] [WARNING] You trusted all proxies, this is NOT safe. We recommend you to set a value.
Please check https://pkg.go.dev/github.com/gin-gonic/gin#readme-don-t-trust-all-proxies for details.

2025-03-18T07:27:45.283+0700	INFO	[GIN-debug] Listening and serving HTTP on :8088

2025-03-18T07:28:09.089+0700	INFO	[GIN-debug] [WARNING] Running in "debug" mode. Switch to "release" mode in production.
 - using env:	export GIN_MODE=release
 - using code:	gin.SetMode(gin.ReleaseMode)


2025-03-18T07:28:09.089+0700	INFO	commands/serve.go:25	Running Server on port :8088
2025-03-18T07:28:09.089+0700	INFO	[GIN-debug] [WARNING] You trusted all proxies, this is NOT safe. We recommend you to set a value.
Please check https://pkg.go.dev/github.com/gin-gonic/gin#readme-don-t-trust-all-proxies for details.

2025-03-18T07:28:09.089+0700	INFO	[GIN-debug] Listening and serving HTTP on :8088

2025-03-18T07:28:11.036+0700	INFO	[GIN-debug] [WARNING] Running in "debug" mode. Switch to "release" mode in production.
 - using env:	export GIN_MODE=release
 - using code:	gin.SetMode(gin.ReleaseMode)


2025-03-18T07:28:11.036+0700	INFO	commands/serve.go:25	Running Server on port :8088
2025-03-18T07:28:11.036+0700	INFO	[GIN-debug] [WARNING] You trusted all proxies, this is NOT safe. We recommend you to set a value.
Please check https://pkg.go.dev/github.com/gin-gonic/gin#readme-don-t-trust-all-proxies for details.

2025-03-18T07:28:11.036+0700	INFO	[GIN-debug] Listening and serving HTTP on :8088

2025-03-18T07:28:28.386+0700	INFO	[GIN-debug] [WARNING] Running in "debug" mode. Switch to "release" mode in production.
 - using env:	export GIN_MODE=release
 - using code:	gin.SetMode(gin.ReleaseMode)


2025-03-18T07:28:28.386+0700	INFO	commands/serve.go:25	Running Server on port :8088
2025-03-18T07:28:28.386+0700	INFO	[GIN-debug] [WARNING] You trusted all proxies, this is NOT safe. We recommend you to set a value.
Please check https://pkg.go.dev/github.com/gin-gonic/gin#readme-don-t-trust-all-proxies for details.

2025-03-18T07:28:28.386+0700	INFO	[GIN-debug] Listening and serving HTTP on :8088

2025-03-18T07:28:38.010+0700	INFO	[GIN-debug] [WARNING] Running in "debug" mode. Switch to "release" mode in production.
 - using env:	export GIN_MODE=release
 - using code:	gin.SetMode(gin.ReleaseMode)


2025-03-18T07:28:38.010+0700	INFO	commands/serve.go:25	Running Server on port :8088
2025-03-18T07:28:38.010+0700	INFO	[GIN-debug] [WARNING] You trusted all proxies, this is NOT safe. We recommend you to set a value.
Please check https://pkg.go.dev/github.com/gin-gonic/gin#readme-don-t-trust-all-proxies for details.

2025-03-18T07:28:38.010+0700	INFO	[GIN-debug] Listening and serving HTTP on :8088

2025-03-18T07:28:39.119+0700	INFO	[GIN-debug] [WARNING] Running in "debug" mode. Switch to "release" mode in production.
 - using env:	export GIN_MODE=release
 - using code:	gin.SetMode(gin.ReleaseMode)


2025-03-18T07:28:39.120+0700	INFO	commands/serve.go:25	Running Server on port :8088
2025-03-18T07:28:39.120+0700	INFO	[GIN-debug] [WARNING] You trusted all proxies, this is NOT safe. We recommend you to set a value.
Please check https://pkg.go.dev/github.com/gin-gonic/gin#readme-don-t-trust-all-proxies for details.

2025-03-18T07:28:39.120+0700	INFO	[GIN-debug] Listening and serving HTTP on :8088

2025-03-18T07:28:47.513+0700	INFO	[GIN-debug] [WARNING] Running in "debug" mode. Switch to "release" mode in production.
 - using env:	export GIN_MODE=release
 - using code:	gin.SetMode(gin.ReleaseMode)


2025-03-18T07:28:47.513+0700	INFO	commands/serve.go:25	Running Server on port :8088
2025-03-18T07:28:47.514+0700	INFO	[GIN-debug] [WARNING] You trusted all proxies, this is NOT safe. We recommend you to set a value.
Please check https://pkg.go.dev/github.com/gin-gonic/gin#readme-don-t-trust-all-proxies for details.

2025-03-18T07:28:47.514+0700	INFO	[GIN-debug] Listening and serving HTTP on :8088

2025-03-18T07:29:01.842+0700	INFO	[GIN-debug] [WARNING] Running in "debug" mode. Switch to "release" mode in production.
 - using env:	export GIN_MODE=release
 - using code:	gin.SetMode(gin.ReleaseMode)


2025-03-18T07:29:01.844+0700	INFO	commands/serve.go:25	Running Server on port :8088
2025-03-18T07:29:01.844+0700	INFO	[GIN-debug] [WARNING] You trusted all proxies, this is NOT safe. We recommend you to set a value.
Please check https://pkg.go.dev/github.com/gin-gonic/gin#readme-don-t-trust-all-proxies for details.

2025-03-18T07:29:01.844+0700	INFO	[GIN-debug] Listening and serving HTTP on :8088

2025-03-18T07:29:02.936+0700	INFO	[GIN-debug] [WARNING] Running in "debug" mode. Switch to "release" mode in production.
 - using env:	export GIN_MODE=release
 - using code:	gin.SetMode(gin.ReleaseMode)


2025-03-18T07:29:02.936+0700	INFO	commands/serve.go:25	Running Server on port :8088
2025-03-18T07:29:02.936+0700	INFO	[GIN-debug] [WARNING] You trusted all proxies, this is NOT safe. We recommend you to set a value.
Please check https://pkg.go.dev/github.com/gin-gonic/gin#readme-don-t-trust-all-proxies for details.

2025-03-18T07:29:02.936+0700	INFO	[GIN-debug] Listening and serving HTTP on :8088

2025-03-18T07:29:24.456+0700	INFO	[GIN-debug] [WARNING] Running in "debug" mode. Switch to "release" mode in production.
 - using env:	export GIN_MODE=release
 - using code:	gin.SetMode(gin.ReleaseMode)


2025-03-18T07:29:24.456+0700	INFO	commands/serve.go:25	Running Server on port :8088
2025-03-18T07:29:24.456+0700	INFO	[GIN-debug] [WARNING] You trusted all proxies, this is NOT safe. We recommend you to set a value.
Please check https://pkg.go.dev/github.com/gin-gonic/gin#readme-don-t-trust-all-proxies for details.

2025-03-18T07:29:24.456+0700	INFO	[GIN-debug] Listening and serving HTTP on :8088

2025-03-18T07:29:33.660+0700	INFO	[GIN-debug] [WARNING] Running in "debug" mode. Switch to "release" mode in production.
 - using env:	export GIN_MODE=release
 - using code:	gin.SetMode(gin.ReleaseMode)


2025-03-18T07:29:33.660+0700	INFO	commands/serve.go:25	Running Server on port :8088
2025-03-18T07:29:33.660+0700	INFO	[GIN-debug] [WARNING] You trusted all proxies, this is NOT safe. We recommend you to set a value.
Please check https://pkg.go.dev/github.com/gin-gonic/gin#readme-don-t-trust-all-proxies for details.

2025-03-18T07:29:33.660+0700	INFO	[GIN-debug] Listening and serving HTTP on :8088

2025-03-18T07:29:34.667+0700	INFO	[GIN-debug] [WARNING] Running in "debug" mode. Switch to "release" mode in production.
 - using env:	export GIN_MODE=release
 - using code:	gin.SetMode(gin.ReleaseMode)


2025-03-18T07:29:34.668+0700	INFO	commands/serve.go:25	Running Server on port :8088
2025-03-18T07:29:34.668+0700	INFO	[GIN-debug] [WARNING] You trusted all proxies, this is NOT safe. We recommend you to set a value.
Please check https://pkg.go.dev/github.com/gin-gonic/gin#readme-don-t-trust-all-proxies for details.

2025-03-18T07:29:34.668+0700	INFO	[GIN-debug] Listening and serving HTTP on :8088

2025-03-18T07:29:56.017+0700	INFO	[GIN-debug] [WARNING] Running in "debug" mode. Switch to "release" mode in production.
 - using env:	export GIN_MODE=release
 - using code:	gin.SetMode(gin.ReleaseMode)


2025-03-18T07:29:56.018+0700	INFO	commands/serve.go:25	Running Server on port :8088
2025-03-18T07:29:56.018+0700	INFO	[GIN-debug] [WARNING] You trusted all proxies, this is NOT safe. We recommend you to set a value.
Please check https://pkg.go.dev/github.com/gin-gonic/gin#readme-don-t-trust-all-proxies for details.

2025-03-18T07:29:56.018+0700	INFO	[GIN-debug] Listening and serving HTTP on :8088

2025-03-18T07:31:16.983+0700	INFO	[GIN-debug] [WARNING] Running in "debug" mode. Switch to "release" mode in production.
 - using env:	export GIN_MODE=release
 - using code:	gin.SetMode(gin.ReleaseMode)


2025-03-18T07:31:16.983+0700	INFO	commands/serve.go:25	Running Server on port :8088
2025-03-18T07:31:16.983+0700	INFO	[GIN-debug] [WARNING] You trusted all proxies, this is NOT safe. We recommend you to set a value.
Please check https://pkg.go.dev/github.com/gin-gonic/gin#readme-don-t-trust-all-proxies for details.

2025-03-18T07:31:16.983+0700	INFO	[GIN-debug] Listening and serving HTTP on :8088

2025-03-18T07:31:41.729+0700	INFO	[GIN-debug] [WARNING] Running in "debug" mode. Switch to "release" mode in production.
 - using env:	export GIN_MODE=release
 - using code:	gin.SetMode(gin.ReleaseMode)


2025-03-18T07:31:41.729+0700	INFO	commands/serve.go:25	Running Server on port :8088
2025-03-18T07:31:41.729+0700	INFO	[GIN-debug] [WARNING] You trusted all proxies, this is NOT safe. We recommend you to set a value.
Please check https://pkg.go.dev/github.com/gin-gonic/gin#readme-don-t-trust-all-proxies for details.

2025-03-18T07:31:41.729+0700	INFO	[GIN-debug] Listening and serving HTTP on :8088

2025-03-18T07:32:58.643+0700	INFO	[GIN-debug] [WARNING] Running in "debug" mode. Switch to "release" mode in production.
 - using env:	export GIN_MODE=release
 - using code:	gin.SetMode(gin.ReleaseMode)


2025-03-18T07:32:58.643+0700	INFO	commands/serve.go:25	Running Server on port :8088
2025-03-18T07:32:58.643+0700	INFO	[GIN-debug] [WARNING] You trusted all proxies, this is NOT safe. We recommend you to set a value.
Please check https://pkg.go.dev/github.com/gin-gonic/gin#readme-don-t-trust-all-proxies for details.

2025-03-18T07:32:58.643+0700	INFO	[GIN-debug] Listening and serving HTTP on :8088

2025-03-18T07:33:11.603+0700	INFO	[GIN-debug] [WARNING] Running in "debug" mode. Switch to "release" mode in production.
 - using env:	export GIN_MODE=release
 - using code:	gin.SetMode(gin.ReleaseMode)


2025-03-18T07:33:11.603+0700	INFO	commands/serve.go:25	Running Server on port :8088
2025-03-18T07:33:11.603+0700	INFO	[GIN-debug] [WARNING] You trusted all proxies, this is NOT safe. We recommend you to set a value.
Please check https://pkg.go.dev/github.com/gin-gonic/gin#readme-don-t-trust-all-proxies for details.

2025-03-18T07:33:11.603+0700	INFO	[GIN-debug] Listening and serving HTTP on :8088

2025-03-18T07:33:30.618+0700	INFO	[GIN-debug] [WARNING] Running in "debug" mode. Switch to "release" mode in production.
 - using env:	export GIN_MODE=release
 - using code:	gin.SetMode(gin.ReleaseMode)


2025-03-18T07:33:30.618+0700	INFO	commands/serve.go:25	Running Server on port :8088
2025-03-18T07:33:30.619+0700	INFO	[GIN-debug] [WARNING] You trusted all proxies, this is NOT safe. We recommend you to set a value.
Please check https://pkg.go.dev/github.com/gin-gonic/gin#readme-don-t-trust-all-proxies for details.

2025-03-18T07:33:30.619+0700	INFO	[GIN-debug] Listening and serving HTTP on :8088

2025-03-18T07:33:38.638+0700	INFO	[GIN-debug] [WARNING] Running in "debug" mode. Switch to "release" mode in production.
 - using env:	export GIN_MODE=release
 - using code:	gin.SetMode(gin.ReleaseMode)


2025-03-18T07:33:38.638+0700	INFO	commands/serve.go:25	Running Server on port :8088
2025-03-18T07:33:38.638+0700	INFO	[GIN-debug] [WARNING] You trusted all proxies, this is NOT safe. We recommend you to set a value.
Please check https://pkg.go.dev/github.com/gin-gonic/gin#readme-don-t-trust-all-proxies for details.

2025-03-18T07:33:38.638+0700	INFO	[GIN-debug] Listening and serving HTTP on :8088

2025-03-18T07:35:13.167+0700	INFO	[GIN-debug] [WARNING] Running in "debug" mode. Switch to "release" mode in production.
 - using env:	export GIN_MODE=release
 - using code:	gin.SetMode(gin.ReleaseMode)


2025-03-18T07:35:13.167+0700	INFO	commands/serve.go:25	Running Server on port :8088
2025-03-18T07:35:13.167+0700	INFO	[GIN-debug] [WARNING] You trusted all proxies, this is NOT safe. We recommend you to set a value.
Please check https://pkg.go.dev/github.com/gin-gonic/gin#readme-don-t-trust-all-proxies for details.

2025-03-18T07:35:13.167+0700	INFO	[GIN-debug] Listening and serving HTTP on :8088

2025-03-18T07:38:33.561+0700	INFO	[GIN-debug] [WARNING] Running in "debug" mode. Switch to "release" mode in production.
 - using env:	export GIN_MODE=release
 - using code:	gin.SetMode(gin.ReleaseMode)


2025-03-18T07:38:33.562+0700	INFO	commands/serve.go:25	Running Server on port :8088
2025-03-18T07:38:33.562+0700	INFO	[GIN-debug] [WARNING] You trusted all proxies, this is NOT safe. We recommend you to set a value.
Please check https://pkg.go.dev/github.com/gin-gonic/gin#readme-don-t-trust-all-proxies for details.

2025-03-18T07:38:33.562+0700	INFO	[GIN-debug] Listening and serving HTTP on :8088

2025-03-18T07:38:42.741+0700	INFO	[GIN-debug] [WARNING] Running in "debug" mode. Switch to "release" mode in production.
 - using env:	export GIN_MODE=release
 - using code:	gin.SetMode(gin.ReleaseMode)


2025-03-18T07:38:42.741+0700	INFO	routes/auth.go:15	Setting up Auth Routes
2025-03-18T07:38:42.741+0700	INFO	[GIN-debug] POST   /auth/login               --> github.com/caophuoclong/codifech/api/controllers.AuthController.SignIn-fm (1 handlers)

2025-03-18T07:38:42.741+0700	INFO	commands/serve.go:25	Running Server on port :8088
2025-03-18T07:38:42.741+0700	INFO	[GIN-debug] [WARNING] You trusted all proxies, this is NOT safe. We recommend you to set a value.
Please check https://pkg.go.dev/github.com/gin-gonic/gin#readme-don-t-trust-all-proxies for details.

2025-03-18T07:38:42.741+0700	INFO	[GIN-debug] Listening and serving HTTP on :8088

2025-03-18T07:41:23.990+0700	INFO	[GIN-debug] [WARNING] Running in "debug" mode. Switch to "release" mode in production.
 - using env:	export GIN_MODE=release
 - using code:	gin.SetMode(gin.ReleaseMode)


2025-03-18T07:41:23.990+0700	INFO	routes/auth.go:16	Setting up Auth Routes
2025-03-18T07:41:23.990+0700	INFO	[GIN-debug] POST   /auth/login               --> github.com/caophuoclong/codifech/api/controllers.AuthController.SignIn-fm (2 handlers)

2025-03-18T07:41:23.990+0700	INFO	commands/serve.go:25	Running Server on port :8088
2025-03-18T07:41:23.990+0700	INFO	[GIN-debug] [WARNING] You trusted all proxies, this is NOT safe. We recommend you to set a value.
Please check https://pkg.go.dev/github.com/gin-gonic/gin#readme-don-t-trust-all-proxies for details.

2025-03-18T07:41:23.990+0700	INFO	[GIN-debug] Listening and serving HTTP on :8088

2025-03-18T07:42:00.379+0700	INFO	[GIN-debug] [WARNING] Running in "debug" mode. Switch to "release" mode in production.
 - using env:	export GIN_MODE=release
 - using code:	gin.SetMode(gin.ReleaseMode)


2025-03-18T07:42:00.379+0700	INFO	routes/auth.go:16	Setting up Auth Routes
2025-03-18T07:42:00.379+0700	INFO	[GIN-debug] POST   /auth/login               --> github.com/caophuoclong/codifech/api/controllers.AuthController.SignIn-fm (2 handlers)

2025-03-18T07:42:00.379+0700	INFO	commands/serve.go:25	Running Server on port :8088
2025-03-18T07:42:00.379+0700	INFO	[GIN-debug] [WARNING] You trusted all proxies, this is NOT safe. We recommend you to set a value.
Please check https://pkg.go.dev/github.com/gin-gonic/gin#readme-don-t-trust-all-proxies for details.

2025-03-18T07:42:00.379+0700	INFO	[GIN-debug] Listening and serving HTTP on :8088

2025-03-18T07:42:51.860+0700	FATAL	commands/commands.go:44	could not build arguments for function "github.com/caophuoclong/codifech/commands".(*ServeCommand).Run.func1 (/Users/phuoclong/Code/Personal/codifech/commands/serve.go:18): failed to build routes.Routes: could not build arguments for function "github.com/caophuoclong/codifech/api/routes".NewRoutes (/Users/phuoclong/Code/Personal/codifech/api/routes/routes.go:18): failed to build routes.AuthRoutes: missing dependencies for function "github.com/caophuoclong/codifech/api/routes".NewAuthRoutes (/Users/phuoclong/Code/Personal/codifech/api/routes/auth.go:26): missing type: gin.RouterGroup
github.com/caophuoclong/codifech/commands.WrapSubCommand.func1
	/Users/phuoclong/Code/Personal/codifech/commands/commands.go:44
github.com/spf13/cobra.(*Command).execute
	/Users/phuoclong/go/pkg/mod/github.com/spf13/cobra@v1.9.1/command.go:1019
github.com/spf13/cobra.(*Command).ExecuteC
	/Users/phuoclong/go/pkg/mod/github.com/spf13/cobra@v1.9.1/command.go:1148
github.com/spf13/cobra.(*Command).Execute
	/Users/phuoclong/go/pkg/mod/github.com/spf13/cobra@v1.9.1/command.go:1071
main.main
	/Users/phuoclong/Code/Personal/codifech/main.go:9
runtime.main
	/usr/local/go/src/runtime/proc.go:272
2025-03-18T07:43:51.295+0700	FATAL	commands/commands.go:44	could not build arguments for function "github.com/caophuoclong/codifech/commands".(*ServeCommand).Run.func1 (/Users/phuoclong/Code/Personal/codifech/commands/serve.go:18): failed to build routes.Routes: could not build arguments for function "github.com/caophuoclong/codifech/api/routes".NewRoutes (/Users/phuoclong/Code/Personal/codifech/api/routes/routes.go:18): failed to build routes.AuthRoutes: missing dependencies for function "github.com/caophuoclong/codifech/api/routes".NewAuthRoutes (/Users/phuoclong/Code/Personal/codifech/api/routes/auth.go:26): missing type: gin.RouterGroup
github.com/caophuoclong/codifech/commands.WrapSubCommand.func1
	/Users/phuoclong/Code/Personal/codifech/commands/commands.go:44
github.com/spf13/cobra.(*Command).execute
	/Users/phuoclong/go/pkg/mod/github.com/spf13/cobra@v1.9.1/command.go:1019
github.com/spf13/cobra.(*Command).ExecuteC
	/Users/phuoclong/go/pkg/mod/github.com/spf13/cobra@v1.9.1/command.go:1148
github.com/spf13/cobra.(*Command).Execute
	/Users/phuoclong/go/pkg/mod/github.com/spf13/cobra@v1.9.1/command.go:1071
main.main
	/Users/phuoclong/Code/Personal/codifech/main.go:9
runtime.main
	/usr/local/go/src/runtime/proc.go:272
2025-03-18T07:44:48.796+0700	FATAL	commands/commands.go:44	could not build arguments for function "github.com/caophuoclong/codifech/commands".(*ServeCommand).Run.func1 (/Users/phuoclong/Code/Personal/codifech/commands/serve.go:18): failed to build routes.Routes: could not build arguments for function "github.com/caophuoclong/codifech/api/routes".NewRoutes (/Users/phuoclong/Code/Personal/codifech/api/routes/routes.go:18): failed to build routes.AuthRoutes: missing dependencies for function "github.com/caophuoclong/codifech/api/routes".NewAuthRoutes (/Users/phuoclong/Code/Personal/codifech/api/routes/auth.go:26): missing type: gin.RouterGroup
github.com/caophuoclong/codifech/commands.WrapSubCommand.func1
	/Users/phuoclong/Code/Personal/codifech/commands/commands.go:44
github.com/spf13/cobra.(*Command).execute
	/Users/phuoclong/go/pkg/mod/github.com/spf13/cobra@v1.9.1/command.go:1019
github.com/spf13/cobra.(*Command).ExecuteC
	/Users/phuoclong/go/pkg/mod/github.com/spf13/cobra@v1.9.1/command.go:1148
github.com/spf13/cobra.(*Command).Execute
	/Users/phuoclong/go/pkg/mod/github.com/spf13/cobra@v1.9.1/command.go:1071
main.main
	/Users/phuoclong/Code/Personal/codifech/main.go:9
runtime.main
	/usr/local/go/src/runtime/proc.go:272
2025-03-18T07:47:43.537+0700	FATAL	commands/commands.go:44	could not build arguments for function "github.com/caophuoclong/codifech/commands".(*ServeCommand).Run.func1 (/Users/phuoclong/Code/Personal/codifech/commands/serve.go:18): failed to build routes.Routes: could not build arguments for function "github.com/caophuoclong/codifech/api/routes".NewRoutes (/Users/phuoclong/Code/Personal/codifech/api/routes/routes.go:18): failed to build routes.AuthRoutes: missing dependencies for function "github.com/caophuoclong/codifech/api/routes".NewAuthRoutes (/Users/phuoclong/Code/Personal/codifech/api/routes/auth.go:27): missing type: gin.RouterGroup
github.com/caophuoclong/codifech/commands.WrapSubCommand.func1
	/Users/phuoclong/Code/Personal/codifech/commands/commands.go:44
github.com/spf13/cobra.(*Command).execute
	/Users/phuoclong/go/pkg/mod/github.com/spf13/cobra@v1.9.1/command.go:1019
github.com/spf13/cobra.(*Command).ExecuteC
	/Users/phuoclong/go/pkg/mod/github.com/spf13/cobra@v1.9.1/command.go:1148
github.com/spf13/cobra.(*Command).Execute
	/Users/phuoclong/go/pkg/mod/github.com/spf13/cobra@v1.9.1/command.go:1071
main.main
	/Users/phuoclong/Code/Personal/codifech/main.go:9
runtime.main
	/usr/local/go/src/runtime/proc.go:272
2025-03-18T07:48:20.629+0700	FATAL	commands/commands.go:44	could not build arguments for function "github.com/caophuoclong/codifech/commands".(*ServeCommand).Run.func1 (/Users/phuoclong/Code/Personal/codifech/commands/serve.go:18): failed to build routes.Routes: could not build arguments for function "github.com/caophuoclong/codifech/api/routes".NewRoutes (/Users/phuoclong/Code/Personal/codifech/api/routes/routes.go:18): failed to build routes.AuthRoutes: missing dependencies for function "github.com/caophuoclong/codifech/api/routes".NewAuthRoutes (/Users/phuoclong/Code/Personal/codifech/api/routes/auth.go:26): missing type: gin.RouterGroup
github.com/caophuoclong/codifech/commands.WrapSubCommand.func1
	/Users/phuoclong/Code/Personal/codifech/commands/commands.go:44
github.com/spf13/cobra.(*Command).execute
	/Users/phuoclong/go/pkg/mod/github.com/spf13/cobra@v1.9.1/command.go:1019
github.com/spf13/cobra.(*Command).ExecuteC
	/Users/phuoclong/go/pkg/mod/github.com/spf13/cobra@v1.9.1/command.go:1148
github.com/spf13/cobra.(*Command).Execute
	/Users/phuoclong/go/pkg/mod/github.com/spf13/cobra@v1.9.1/command.go:1071
main.main
	/Users/phuoclong/Code/Personal/codifech/main.go:9
runtime.main
	/usr/local/go/src/runtime/proc.go:272
2025-03-18T07:50:10.659+0700	FATAL	commands/commands.go:44	could not build arguments for function "github.com/caophuoclong/codifech/commands".(*ServeCommand).Run.func1 (/Users/phuoclong/Code/Personal/codifech/commands/serve.go:18): failed to build routes.Routes: could not build arguments for function "github.com/caophuoclong/codifech/api/routes".NewRoutes (/Users/phuoclong/Code/Personal/codifech/api/routes/routes.go:18): failed to build routes.AuthRoutes: missing dependencies for function "github.com/caophuoclong/codifech/api/routes".NewAuthRoutes (/Users/phuoclong/Code/Personal/codifech/api/routes/auth.go:26): missing type: gin.RouterGroup
github.com/caophuoclong/codifech/commands.WrapSubCommand.func1
	/Users/phuoclong/Code/Personal/codifech/commands/commands.go:44
github.com/spf13/cobra.(*Command).execute
	/Users/phuoclong/go/pkg/mod/github.com/spf13/cobra@v1.9.1/command.go:1019
github.com/spf13/cobra.(*Command).ExecuteC
	/Users/phuoclong/go/pkg/mod/github.com/spf13/cobra@v1.9.1/command.go:1148
github.com/spf13/cobra.(*Command).Execute
	/Users/phuoclong/go/pkg/mod/github.com/spf13/cobra@v1.9.1/command.go:1071
main.main
	/Users/phuoclong/Code/Personal/codifech/main.go:9
runtime.main
	/usr/local/go/src/runtime/proc.go:272
2025-03-18T07:50:14.415+0700	FATAL	commands/commands.go:44	missing dependencies for function "github.com/caophuoclong/codifech/api/routes".init.func1 (/Users/phuoclong/Code/Personal/codifech/api/routes/routes.go:10): missing type: routes.Route
github.com/caophuoclong/codifech/commands.WrapSubCommand.func1
	/Users/phuoclong/Code/Personal/codifech/commands/commands.go:44
github.com/spf13/cobra.(*Command).execute
	/Users/phuoclong/go/pkg/mod/github.com/spf13/cobra@v1.9.1/command.go:1019
github.com/spf13/cobra.(*Command).ExecuteC
	/Users/phuoclong/go/pkg/mod/github.com/spf13/cobra@v1.9.1/command.go:1148
github.com/spf13/cobra.(*Command).Execute
	/Users/phuoclong/go/pkg/mod/github.com/spf13/cobra@v1.9.1/command.go:1071
main.main
	/Users/phuoclong/Code/Personal/codifech/main.go:9
runtime.main
	/usr/local/go/src/runtime/proc.go:272
2025-03-18T07:50:34.765+0700	FATAL	commands/commands.go:44	could not build arguments for function "github.com/caophuoclong/codifech/api/routes".init.func1 (/Users/phuoclong/Code/Personal/codifech/api/routes/routes.go:10): failed to build routes.Routes: missing dependencies for function "github.com/caophuoclong/codifech/api/routes".NewRoutes (/Users/phuoclong/Code/Personal/codifech/api/routes/routes.go:21): missing type: routes.AuthRoutes
github.com/caophuoclong/codifech/commands.WrapSubCommand.func1
	/Users/phuoclong/Code/Personal/codifech/commands/commands.go:44
github.com/spf13/cobra.(*Command).execute
	/Users/phuoclong/go/pkg/mod/github.com/spf13/cobra@v1.9.1/command.go:1019
github.com/spf13/cobra.(*Command).ExecuteC
	/Users/phuoclong/go/pkg/mod/github.com/spf13/cobra@v1.9.1/command.go:1148
github.com/spf13/cobra.(*Command).Execute
	/Users/phuoclong/go/pkg/mod/github.com/spf13/cobra@v1.9.1/command.go:1071
main.main
	/Users/phuoclong/Code/Personal/codifech/main.go:9
runtime.main
	/usr/local/go/src/runtime/proc.go:272
2025-03-18T07:50:54.951+0700	FATAL	commands/commands.go:44	could not build arguments for function "github.com/caophuoclong/codifech/api/routes".init.func1 (/Users/phuoclong/Code/Personal/codifech/api/routes/routes.go:11): failed to build routes.Routes: could not build arguments for function "github.com/caophuoclong/codifech/api/routes".NewRoutes (/Users/phuoclong/Code/Personal/codifech/api/routes/routes.go:22): failed to build routes.AuthRoutes: missing dependencies for function "github.com/caophuoclong/codifech/api/routes".NewAuthRoutes (/Users/phuoclong/Code/Personal/codifech/api/routes/auth.go:26): missing type: gin.RouterGroup
github.com/caophuoclong/codifech/commands.WrapSubCommand.func1
	/Users/phuoclong/Code/Personal/codifech/commands/commands.go:44
github.com/spf13/cobra.(*Command).execute
	/Users/phuoclong/go/pkg/mod/github.com/spf13/cobra@v1.9.1/command.go:1019
github.com/spf13/cobra.(*Command).ExecuteC
	/Users/phuoclong/go/pkg/mod/github.com/spf13/cobra@v1.9.1/command.go:1148
github.com/spf13/cobra.(*Command).Execute
	/Users/phuoclong/go/pkg/mod/github.com/spf13/cobra@v1.9.1/command.go:1071
main.main
	/Users/phuoclong/Code/Personal/codifech/main.go:9
runtime.main
	/usr/local/go/src/runtime/proc.go:272
2025-03-18T07:51:41.317+0700	FATAL	commands/commands.go:44	could not build arguments for function "github.com/caophuoclong/codifech/api/routes".init.func1 (/Users/phuoclong/Code/Personal/codifech/api/routes/routes.go:11): failed to build routes.Routes: could not build arguments for function "github.com/caophuoclong/codifech/api/routes".NewRoutes (/Users/phuoclong/Code/Personal/codifech/api/routes/routes.go:22): failed to build routes.AuthRoutes: missing dependencies for function "github.com/caophuoclong/codifech/api/routes".NewAuthRoutes (/Users/phuoclong/Code/Personal/codifech/api/routes/auth.go:26): missing type: gin.RouterGroup
github.com/caophuoclong/codifech/commands.WrapSubCommand.func1
	/Users/phuoclong/Code/Personal/codifech/commands/commands.go:44
github.com/spf13/cobra.(*Command).execute
	/Users/phuoclong/go/pkg/mod/github.com/spf13/cobra@v1.9.1/command.go:1019
github.com/spf13/cobra.(*Command).ExecuteC
	/Users/phuoclong/go/pkg/mod/github.com/spf13/cobra@v1.9.1/command.go:1148
github.com/spf13/cobra.(*Command).Execute
	/Users/phuoclong/go/pkg/mod/github.com/spf13/cobra@v1.9.1/command.go:1071
main.main
	/Users/phuoclong/Code/Personal/codifech/main.go:9
runtime.main
	/usr/local/go/src/runtime/proc.go:272
2025-03-18T07:52:41.509+0700	FATAL	commands/commands.go:44	could not build arguments for function "github.com/caophuoclong/codifech/api/routes".init.func1 (/Users/phuoclong/Code/Personal/codifech/api/routes/routes.go:11): failed to build routes.Routes: could not build arguments for function "github.com/caophuoclong/codifech/api/routes".NewRoutes (/Users/phuoclong/Code/Personal/codifech/api/routes/routes.go:22): failed to build routes.AuthRoutes: missing dependencies for function "github.com/caophuoclong/codifech/api/routes".NewAuthRoutes (/Users/phuoclong/Code/Personal/codifech/api/routes/auth.go:26): missing type: gin.RouterGroup
github.com/caophuoclong/codifech/commands.WrapSubCommand.func1
	/Users/phuoclong/Code/Personal/codifech/commands/commands.go:44
github.com/spf13/cobra.(*Command).execute
	/Users/phuoclong/go/pkg/mod/github.com/spf13/cobra@v1.9.1/command.go:1019
github.com/spf13/cobra.(*Command).ExecuteC
	/Users/phuoclong/go/pkg/mod/github.com/spf13/cobra@v1.9.1/command.go:1148
github.com/spf13/cobra.(*Command).Execute
	/Users/phuoclong/go/pkg/mod/github.com/spf13/cobra@v1.9.1/command.go:1071
main.main
	/Users/phuoclong/Code/Personal/codifech/main.go:9
runtime.main
	/usr/local/go/src/runtime/proc.go:272
2025-03-18T07:52:50.873+0700	FATAL	commands/commands.go:44	could not build arguments for function "github.com/caophuoclong/codifech/api/routes".init.func1 (/Users/phuoclong/Code/Personal/codifech/api/routes/routes.go:11): failed to build routes.Routes: could not build arguments for function "github.com/caophuoclong/codifech/api/routes".NewRoutes (/Users/phuoclong/Code/Personal/codifech/api/routes/routes.go:22): failed to build routes.AuthRoutes: missing dependencies for function "github.com/caophuoclong/codifech/api/routes".NewAuthRoutes (/Users/phuoclong/Code/Personal/codifech/api/routes/auth.go:26): missing type: gin.RouterGroup
github.com/caophuoclong/codifech/commands.WrapSubCommand.func1
	/Users/phuoclong/Code/Personal/codifech/commands/commands.go:44
github.com/spf13/cobra.(*Command).execute
	/Users/phuoclong/go/pkg/mod/github.com/spf13/cobra@v1.9.1/command.go:1019
github.com/spf13/cobra.(*Command).ExecuteC
	/Users/phuoclong/go/pkg/mod/github.com/spf13/cobra@v1.9.1/command.go:1148
github.com/spf13/cobra.(*Command).Execute
	/Users/phuoclong/go/pkg/mod/github.com/spf13/cobra@v1.9.1/command.go:1071
main.main
	/Users/phuoclong/Code/Personal/codifech/main.go:9
runtime.main
	/usr/local/go/src/runtime/proc.go:272
2025-03-18T07:52:59.801+0700	FATAL	commands/commands.go:44	could not build arguments for function "github.com/caophuoclong/codifech/api/routes".init.func1 (/Users/phuoclong/Code/Personal/codifech/api/routes/routes.go:11): failed to build routes.Routes: could not build arguments for function "github.com/caophuoclong/codifech/api/routes".NewRoutes (/Users/phuoclong/Code/Personal/codifech/api/routes/routes.go:22): failed to build routes.AuthRoutes: missing dependencies for function "github.com/caophuoclong/codifech/api/routes".NewAuthRoutes (/Users/phuoclong/Code/Personal/codifech/api/routes/auth.go:26): missing type: gin.RouterGroup
github.com/caophuoclong/codifech/commands.WrapSubCommand.func1
	/Users/phuoclong/Code/Personal/codifech/commands/commands.go:44
github.com/spf13/cobra.(*Command).execute
	/Users/phuoclong/go/pkg/mod/github.com/spf13/cobra@v1.9.1/command.go:1019
github.com/spf13/cobra.(*Command).ExecuteC
	/Users/phuoclong/go/pkg/mod/github.com/spf13/cobra@v1.9.1/command.go:1148
github.com/spf13/cobra.(*Command).Execute
	/Users/phuoclong/go/pkg/mod/github.com/spf13/cobra@v1.9.1/command.go:1071
main.main
	/Users/phuoclong/Code/Personal/codifech/main.go:9
runtime.main
	/usr/local/go/src/runtime/proc.go:272
2025-03-18T07:53:11.202+0700	FATAL	commands/commands.go:44	could not build arguments for function "github.com/caophuoclong/codifech/api/routes".init.func1 (/Users/phuoclong/Code/Personal/codifech/api/routes/routes.go:12): failed to build routes.Routes: could not build arguments for function "github.com/caophuoclong/codifech/api/routes".NewRoutes (/Users/phuoclong/Code/Personal/codifech/api/routes/routes.go:23): failed to build routes.AuthRoutes: missing dependencies for function "github.com/caophuoclong/codifech/api/routes".NewAuthRoutes (/Users/phuoclong/Code/Personal/codifech/api/routes/auth.go:26): missing type: gin.RouterGroup
github.com/caophuoclong/codifech/commands.WrapSubCommand.func1
	/Users/phuoclong/Code/Personal/codifech/commands/commands.go:44
github.com/spf13/cobra.(*Command).execute
	/Users/phuoclong/go/pkg/mod/github.com/spf13/cobra@v1.9.1/command.go:1019
github.com/spf13/cobra.(*Command).ExecuteC
	/Users/phuoclong/go/pkg/mod/github.com/spf13/cobra@v1.9.1/command.go:1148
github.com/spf13/cobra.(*Command).Execute
	/Users/phuoclong/go/pkg/mod/github.com/spf13/cobra@v1.9.1/command.go:1071
main.main
	/Users/phuoclong/Code/Personal/codifech/main.go:9
runtime.main
	/usr/local/go/src/runtime/proc.go:272
2025-03-18T07:53:19.812+0700	FATAL	commands/commands.go:44	could not build arguments for function "github.com/caophuoclong/codifech/api/routes".init.func1 (/Users/phuoclong/Code/Personal/codifech/api/routes/routes.go:12): failed to build routes.Routes: could not build arguments for function "github.com/caophuoclong/codifech/api/routes".NewRoutes (/Users/phuoclong/Code/Personal/codifech/api/routes/routes.go:23): failed to build routes.AuthRoutes: missing dependencies for function "github.com/caophuoclong/codifech/api/routes".NewAuthRoutes (/Users/phuoclong/Code/Personal/codifech/api/routes/auth.go:26): missing type: gin.RouterGroup
github.com/caophuoclong/codifech/commands.WrapSubCommand.func1
	/Users/phuoclong/Code/Personal/codifech/commands/commands.go:44
github.com/spf13/cobra.(*Command).execute
	/Users/phuoclong/go/pkg/mod/github.com/spf13/cobra@v1.9.1/command.go:1019
github.com/spf13/cobra.(*Command).ExecuteC
	/Users/phuoclong/go/pkg/mod/github.com/spf13/cobra@v1.9.1/command.go:1148
github.com/spf13/cobra.(*Command).Execute
	/Users/phuoclong/go/pkg/mod/github.com/spf13/cobra@v1.9.1/command.go:1071
main.main
	/Users/phuoclong/Code/Personal/codifech/main.go:9
runtime.main
	/usr/local/go/src/runtime/proc.go:272
2025-03-18T07:54:00.432+0700	FATAL	commands/commands.go:44	could not build arguments for function "github.com/caophuoclong/codifech/commands".(*ServeCommand).Run.func1 (/Users/phuoclong/Code/Personal/codifech/commands/serve.go:18): failed to build routes.Routes: could not build arguments for function "github.com/caophuoclong/codifech/api/routes".NewRoutes (/Users/phuoclong/Code/Personal/codifech/api/routes/routes.go:19): failed to build routes.AuthRoutes: missing dependencies for function "github.com/caophuoclong/codifech/api/routes".NewAuthRoutes (/Users/phuoclong/Code/Personal/codifech/api/routes/auth.go:26): missing type: gin.RouterGroup (did you mean *gin.RouterGroup?)
github.com/caophuoclong/codifech/commands.WrapSubCommand.func1
	/Users/phuoclong/Code/Personal/codifech/commands/commands.go:44
github.com/spf13/cobra.(*Command).execute
	/Users/phuoclong/go/pkg/mod/github.com/spf13/cobra@v1.9.1/command.go:1019
github.com/spf13/cobra.(*Command).ExecuteC
	/Users/phuoclong/go/pkg/mod/github.com/spf13/cobra@v1.9.1/command.go:1148
github.com/spf13/cobra.(*Command).Execute
	/Users/phuoclong/go/pkg/mod/github.com/spf13/cobra@v1.9.1/command.go:1071
main.main
	/Users/phuoclong/Code/Personal/codifech/main.go:9
runtime.main
	/usr/local/go/src/runtime/proc.go:272
2025-03-18T07:54:20.057+0700	INFO	[GIN-debug] [WARNING] Running in "debug" mode. Switch to "release" mode in production.
 - using env:	export GIN_MODE=release
 - using code:	gin.SetMode(gin.ReleaseMode)


2025-03-18T07:54:20.057+0700	INFO	routes/auth.go:16	Setting up Auth Routes
2025-03-18T07:54:20.057+0700	INFO	[GIN-debug] POST   /v1/auth/login            --> github.com/caophuoclong/codifech/api/controllers.AuthController.SignIn-fm (2 handlers)

2025-03-18T07:54:20.057+0700	INFO	commands/serve.go:25	Running Server on port :8088
2025-03-18T07:54:20.057+0700	INFO	[GIN-debug] [WARNING] You trusted all proxies, this is NOT safe. We recommend you to set a value.
Please check https://pkg.go.dev/github.com/gin-gonic/gin#readme-don-t-trust-all-proxies for details.

2025-03-18T07:54:20.057+0700	INFO	[GIN-debug] Listening and serving HTTP on :8088

2025-03-18T07:55:03.055+0700	INFO	[GIN-debug] [WARNING] Running in "debug" mode. Switch to "release" mode in production.
 - using env:	export GIN_MODE=release
 - using code:	gin.SetMode(gin.ReleaseMode)


2025-03-18T07:55:03.055+0700	INFO	routes/auth.go:16	Setting up Auth Routes
2025-03-18T07:55:03.055+0700	INFO	[GIN-debug] POST   /v1/auth/login            --> github.com/caophuoclong/codifech/api/controllers.AuthController.SignIn-fm (2 handlers)

2025-03-18T07:55:03.055+0700	INFO	commands/serve.go:25	Running Server on port :8088
2025-03-18T07:55:03.055+0700	INFO	[GIN-debug] [WARNING] You trusted all proxies, this is NOT safe. We recommend you to set a value.
Please check https://pkg.go.dev/github.com/gin-gonic/gin#readme-don-t-trust-all-proxies for details.

2025-03-18T07:55:03.055+0700	INFO	[GIN-debug] Listening and serving HTTP on :8088

2025-03-18T07:55:08.193+0700	INFO	[GIN-debug] [WARNING] Running in "debug" mode. Switch to "release" mode in production.
 - using env:	export GIN_MODE=release
 - using code:	gin.SetMode(gin.ReleaseMode)


2025-03-18T07:55:08.193+0700	INFO	routes/auth.go:16	Setting up Auth Routes
2025-03-18T07:55:08.193+0700	INFO	[GIN-debug] POST   /apiv1/auth/login         --> github.com/caophuoclong/codifech/api/controllers.AuthController.SignIn-fm (2 handlers)

2025-03-18T07:55:08.193+0700	INFO	commands/serve.go:25	Running Server on port :8088
2025-03-18T07:55:08.193+0700	INFO	[GIN-debug] [WARNING] You trusted all proxies, this is NOT safe. We recommend you to set a value.
Please check https://pkg.go.dev/github.com/gin-gonic/gin#readme-don-t-trust-all-proxies for details.

2025-03-18T07:55:08.193+0700	INFO	[GIN-debug] Listening and serving HTTP on :8088

2025-03-18T07:55:24.710+0700	INFO	[GIN-debug] [WARNING] Running in "debug" mode. Switch to "release" mode in production.
 - using env:	export GIN_MODE=release
 - using code:	gin.SetMode(gin.ReleaseMode)


2025-03-18T07:55:24.710+0700	INFO	routes/auth.go:16	Setting up Auth Routes
2025-03-18T07:55:24.710+0700	INFO	[GIN-debug] POST   /api/v1/auth/login        --> github.com/caophuoclong/codifech/api/controllers.AuthController.SignIn-fm (2 handlers)

2025-03-18T07:55:24.710+0700	INFO	commands/serve.go:25	Running Server on port :8088
2025-03-18T07:55:24.710+0700	INFO	[GIN-debug] [WARNING] You trusted all proxies, this is NOT safe. We recommend you to set a value.
Please check https://pkg.go.dev/github.com/gin-gonic/gin#readme-don-t-trust-all-proxies for details.

2025-03-18T07:55:24.710+0700	INFO	[GIN-debug] Listening and serving HTTP on :8088

2025-03-18T07:57:00.253+0700	INFO	[GIN-debug] [WARNING] Running in "debug" mode. Switch to "release" mode in production.
 - using env:	export GIN_MODE=release
 - using code:	gin.SetMode(gin.ReleaseMode)


2025-03-18T07:57:00.253+0700	INFO	[GIN-debug] [WARNING] You trusted all proxies, this is NOT safe. We recommend you to set a value.
Please check https://pkg.go.dev/github.com/gin-gonic/gin#readme-don-t-trust-all-proxies for details.

2025-03-18T07:57:00.253+0700	INFO	[GIN-debug] Listening and serving HTTP on :8088

2025-03-18T07:57:12.888+0700	INFO	[GIN-debug] [WARNING] Running in "debug" mode. Switch to "release" mode in production.
 - using env:	export GIN_MODE=release
 - using code:	gin.SetMode(gin.ReleaseMode)


2025-03-18T07:57:12.888+0700	INFO	routes/auth.go:16	Setting up Auth Routes
2025-03-18T07:57:12.888+0700	INFO	[GIN-debug] POST   /api/v1/auth/login        --> github.com/caophuoclong/codifech/api/controllers.AuthController.SignIn-fm (2 handlers)

2025-03-18T07:57:12.888+0700	INFO	[GIN-debug] [WARNING] You trusted all proxies, this is NOT safe. We recommend you to set a value.
Please check https://pkg.go.dev/github.com/gin-gonic/gin#readme-don-t-trust-all-proxies for details.

2025-03-18T07:57:12.888+0700	INFO	[GIN-debug] Listening and serving HTTP on :8088

2025-03-18T07:57:14.087+0700	INFO	[GIN-debug] [WARNING] Running in "debug" mode. Switch to "release" mode in production.
 - using env:	export GIN_MODE=release
 - using code:	gin.SetMode(gin.ReleaseMode)


2025-03-18T07:57:14.087+0700	INFO	routes/auth.go:16	Setting up Auth Routes
2025-03-18T07:57:14.087+0700	INFO	[GIN-debug] POST   /api/v1/auth/login        --> github.com/caophuoclong/codifech/api/controllers.AuthController.SignIn-fm (2 handlers)

2025-03-18T07:57:14.087+0700	INFO	[GIN-debug] [WARNING] You trusted all proxies, this is NOT safe. We recommend you to set a value.
Please check https://pkg.go.dev/github.com/gin-gonic/gin#readme-don-t-trust-all-proxies for details.

2025-03-18T07:57:14.087+0700	INFO	[GIN-debug] Listening and serving HTTP on :8088

2025-03-18T07:57:51.077+0700	INFO	[GIN-debug] [WARNING] Running in "debug" mode. Switch to "release" mode in production.
 - using env:	export GIN_MODE=release
 - using code:	gin.SetMode(gin.ReleaseMode)


2025-03-18T07:57:51.078+0700	INFO	routes/auth.go:16	Setting up Auth Routes
2025-03-18T07:57:51.078+0700	INFO	[GIN-debug] POST   /api/v1/auth/login        --> github.com/caophuoclong/codifech/api/controllers.AuthController.SignIn-fm (2 handlers)

2025-03-18T07:57:51.078+0700	INFO	[GIN-debug] [WARNING] You trusted all proxies, this is NOT safe. We recommend you to set a value.
Please check https://pkg.go.dev/github.com/gin-gonic/gin#readme-don-t-trust-all-proxies for details.

2025-03-18T07:57:51.078+0700	INFO	[GIN-debug] Listening and serving HTTP on :8088

2025-03-18T07:58:19.772+0700	INFO	[GIN-debug] [WARNING] Running in "debug" mode. Switch to "release" mode in production.
 - using env:	export GIN_MODE=release
 - using code:	gin.SetMode(gin.ReleaseMode)


2025-03-18T07:58:19.772+0700	INFO	routes/auth.go:16	Setting up Auth Routes
2025-03-18T07:58:19.772+0700	INFO	[GIN-debug] POST   /api/v1/auth/login        --> github.com/caophuoclong/codifech/api/controllers.AuthController.SignIn-fm (2 handlers)

2025-03-18T07:58:19.772+0700	INFO	[GIN-debug] Listening and serving HTTP on :8088

2025-03-18T07:58:23.962+0700	INFO	[GIN-debug] [WARNING] Running in "debug" mode. Switch to "release" mode in production.
 - using env:	export GIN_MODE=release
 - using code:	gin.SetMode(gin.ReleaseMode)


2025-03-18T07:58:23.962+0700	INFO	routes/auth.go:16	Setting up Auth Routes
2025-03-18T07:58:23.962+0700	INFO	[GIN-debug] POST   /api/v1/auth/login        --> github.com/caophuoclong/codifech/api/controllers.AuthController.SignIn-fm (2 handlers)

2025-03-18T07:58:23.962+0700	INFO	[GIN-debug] Listening and serving HTTP on :8088

2025-03-18T07:58:55.548+0700	INFO	[GIN-debug] [WARNING] Running in "debug" mode. Switch to "release" mode in production.
 - using env:	export GIN_MODE=release
 - using code:	gin.SetMode(gin.ReleaseMode)


2025-03-18T07:58:55.548+0700	INFO	routes/auth.go:16	Setting up Auth Routes
2025-03-18T07:58:55.549+0700	INFO	[GIN-debug] POST   /api/v1/auth/login        --> github.com/caophuoclong/codifech/api/controllers.AuthController.SignIn-fm (1 handlers)

2025-03-18T07:58:55.549+0700	INFO	[GIN-debug] Listening and serving HTTP on :8088

2025-03-18T07:59:24.223+0700	INFO	[GIN-debug] [WARNING] Running in "debug" mode. Switch to "release" mode in production.
 - using env:	export GIN_MODE=release
 - using code:	gin.SetMode(gin.ReleaseMode)


2025-03-18T07:59:24.224+0700	INFO	routes/auth.go:16	Setting up Auth Routes
2025-03-18T07:59:24.224+0700	INFO	[GIN-debug] POST   /api/v1/auth/login        --> github.com/caophuoclong/codifech/api/controllers.AuthController.SignIn-fm (1 handlers)

2025-03-18T07:59:24.224+0700	INFO	[GIN-debug] Listening and serving HTTP on :8088

2025-03-18T08:34:15.639+0700	INFO	[GIN-debug] [WARNING] Running in "debug" mode. Switch to "release" mode in production.
 - using env:	export GIN_MODE=release
 - using code:	gin.SetMode(gin.ReleaseMode)


2025-03-18T08:34:15.639+0700	INFO	routes/auth.go:16	Setting up Auth Routes
2025-03-18T08:34:15.640+0700	INFO	[GIN-debug] POST   /api/v1/auth/login        --> github.com/caophuoclong/codifech/api/controllers.AuthController.SignIn-fm (1 handlers)

2025-03-18T08:34:15.640+0700	INFO	[GIN-debug] Listening and serving HTTP on :8088

2025-03-18T08:34:17.996+0700	INFO	controllers/auth.controller.go:26	::1
2025-03-18T08:34:21.344+0700	INFO	controllers/auth.controller.go:26	::1
2025-03-18T08:34:22.264+0700	INFO	controllers/auth.controller.go:26	::1
2025-03-18T08:34:27.930+0700	INFO	[GIN-debug] [WARNING] Running in "debug" mode. Switch to "release" mode in production.
 - using env:	export GIN_MODE=release
 - using code:	gin.SetMode(gin.ReleaseMode)


2025-03-18T08:34:27.930+0700	INFO	routes/auth.go:16	Setting up Auth Routes
2025-03-18T08:34:27.930+0700	INFO	[GIN-debug] POST   /api/v1/auth/login        --> github.com/caophuoclong/codifech/api/controllers.AuthController.SignIn-fm (1 handlers)

2025-03-18T08:34:27.930+0700	INFO	[GIN-debug] Listening and serving HTTP on :8088

2025-03-18T08:34:32.079+0700	INFO	[GIN-debug] [WARNING] Running in "debug" mode. Switch to "release" mode in production.
 - using env:	export GIN_MODE=release
 - using code:	gin.SetMode(gin.ReleaseMode)


2025-03-18T08:34:32.079+0700	INFO	routes/auth.go:16	Setting up Auth Routes
2025-03-18T08:34:32.079+0700	INFO	[GIN-debug] POST   /api/v1/auth/login        --> github.com/caophuoclong/codifech/api/controllers.AuthController.SignIn-fm (1 handlers)

2025-03-18T08:34:32.079+0700	INFO	[GIN-debug] [WARNING] You trusted all proxies, this is NOT safe. We recommend you to set a value.
Please check https://pkg.go.dev/github.com/gin-gonic/gin#readme-don-t-trust-all-proxies for details.

2025-03-18T08:34:32.079+0700	INFO	[GIN-debug] Listening and serving HTTP on :8088

2025-03-18T08:34:33.554+0700	INFO	controllers/auth.controller.go:26	::1
2025-03-18T08:34:34.493+0700	INFO	controllers/auth.controller.go:26	::1
2025-03-18T08:34:39.565+0700	INFO	[GIN-debug] [WARNING] Running in "debug" mode. Switch to "release" mode in production.
 - using env:	export GIN_MODE=release
 - using code:	gin.SetMode(gin.ReleaseMode)


2025-03-18T08:34:39.565+0700	INFO	routes/auth.go:16	Setting up Auth Routes
2025-03-18T08:34:39.565+0700	INFO	[GIN-debug] POST   /api/v1/auth/login        --> github.com/caophuoclong/codifech/api/controllers.AuthController.SignIn-fm (1 handlers)

2025-03-18T08:34:39.565+0700	INFO	[GIN-debug] Listening and serving HTTP on :8088

2025-03-18T08:35:14.259+0700	INFO	[GIN-debug] [WARNING] Running in "debug" mode. Switch to "release" mode in production.
 - using env:	export GIN_MODE=release
 - using code:	gin.SetMode(gin.ReleaseMode)


2025-03-18T08:35:14.259+0700	INFO	routes/auth.go:16	Setting up Auth Routes
2025-03-18T08:35:14.260+0700	INFO	[GIN-debug] POST   /api/v1/auth/login        --> github.com/caophuoclong/codifech/api/controllers.AuthController.SignIn-fm (1 handlers)

2025-03-18T08:35:14.260+0700	INFO	[GIN-debug] Listening and serving HTTP on :8088

2025-03-18T08:35:17.765+0700	INFO	controllers/auth.controller.go:26	::1
2025-03-18T08:35:43.483+0700	INFO	controllers/auth.controller.go:26	::1
2025-03-18T08:35:59.834+0700	INFO	controllers/auth.controller.go:26	::1
2025-03-18T08:36:37.109+0700	INFO	[GIN-debug] [WARNING] Running in "debug" mode. Switch to "release" mode in production.
 - using env:	export GIN_MODE=release
 - using code:	gin.SetMode(gin.ReleaseMode)


2025-03-18T08:36:37.109+0700	INFO	routes/auth.go:16	Setting up Auth Routes
2025-03-18T08:36:37.109+0700	INFO	[GIN-debug] POST   /api/v1/auth/login        --> github.com/caophuoclong/codifech/api/controllers.AuthController.SignIn-fm (1 handlers)

2025-03-18T08:36:37.109+0700	INFO	[GIN-debug] Listening and serving HTTP on :8088

2025-03-18T08:36:39.536+0700	INFO	controllers/auth.controller.go:26	::1
2025-03-18T08:36:39.537+0700	INFO	controllers/auth.controller.go:27	10.0.2.32
2025-03-18T08:36:52.880+0700	INFO	[GIN-debug] [WARNING] Running in "debug" mode. Switch to "release" mode in production.
 - using env:	export GIN_MODE=release
 - using code:	gin.SetMode(gin.ReleaseMode)


2025-03-18T08:36:52.880+0700	INFO	routes/auth.go:16	Setting up Auth Routes
2025-03-18T08:36:52.880+0700	INFO	[GIN-debug] POST   /api/v1/auth/login        --> github.com/caophuoclong/codifech/api/controllers.AuthController.SignIn-fm (1 handlers)

2025-03-18T08:36:52.880+0700	INFO	[GIN-debug] Listening and serving HTTP on :8088

2025-03-18T08:37:17.280+0700	INFO	[GIN-debug] [WARNING] Running in "debug" mode. Switch to "release" mode in production.
 - using env:	export GIN_MODE=release
 - using code:	gin.SetMode(gin.ReleaseMode)


2025-03-18T08:37:17.280+0700	INFO	routes/auth.go:16	Setting up Auth Routes
2025-03-18T08:37:17.280+0700	INFO	[GIN-debug] POST   /api/v1/auth/login        --> github.com/caophuoclong/codifech/api/controllers.AuthController.SignIn-fm (1 handlers)

2025-03-18T08:37:17.280+0700	INFO	[GIN-debug] Listening and serving HTTP on :8088

2025-03-18T08:37:36.900+0700	INFO	[GIN-debug] [WARNING] Running in "debug" mode. Switch to "release" mode in production.
 - using env:	export GIN_MODE=release
 - using code:	gin.SetMode(gin.ReleaseMode)


2025-03-18T08:37:36.901+0700	INFO	routes/auth.go:16	Setting up Auth Routes
2025-03-18T08:37:36.901+0700	INFO	[GIN-debug] POST   /api/v1/auth/login        --> github.com/caophuoclong/codifech/api/controllers.AuthController.SignIn-fm (1 handlers)

2025-03-18T08:37:36.901+0700	INFO	[GIN-debug] Listening and serving HTTP on :8088

2025-03-18T08:37:48.933+0700	INFO	[GIN-debug] [WARNING] Running in "debug" mode. Switch to "release" mode in production.
 - using env:	export GIN_MODE=release
 - using code:	gin.SetMode(gin.ReleaseMode)


2025-03-18T08:37:48.933+0700	INFO	routes/auth.go:16	Setting up Auth Routes
2025-03-18T08:37:48.933+0700	INFO	[GIN-debug] POST   /api/v1/auth/login        --> github.com/caophuoclong/codifech/api/controllers.AuthController.SignIn-fm (1 handlers)

2025-03-18T08:37:48.933+0700	INFO	[GIN-debug] Listening and serving HTTP on :8088

2025-03-18T08:38:31.174+0700	INFO	[GIN-debug] [WARNING] Running in "debug" mode. Switch to "release" mode in production.
 - using env:	export GIN_MODE=release
 - using code:	gin.SetMode(gin.ReleaseMode)


2025-03-18T08:38:31.174+0700	INFO	routes/auth.go:16	Setting up Auth Routes
2025-03-18T08:38:31.174+0700	INFO	[GIN-debug] POST   /api/v1/auth/login        --> github.com/caophuoclong/codifech/api/controllers.AuthController.SignIn-fm (1 handlers)

2025-03-18T08:38:31.174+0700	INFO	[GIN-debug] Listening and serving HTTP on :8088

2025-03-18T08:38:53.063+0700	INFO	[GIN-debug] [WARNING] Running in "debug" mode. Switch to "release" mode in production.
 - using env:	export GIN_MODE=release
 - using code:	gin.SetMode(gin.ReleaseMode)


2025-03-18T08:38:53.063+0700	INFO	routes/auth.go:16	Setting up Auth Routes
2025-03-18T08:38:53.063+0700	INFO	[GIN-debug] POST   /api/v1/auth/login        --> github.com/caophuoclong/codifech/api/controllers.AuthController.SignIn-fm (1 handlers)

2025-03-18T08:38:53.063+0700	INFO	[GIN-debug] Listening and serving HTTP on :8088

2025-03-18T08:54:34.825+0700	INFO	[GIN-debug] [WARNING] Running in "debug" mode. Switch to "release" mode in production.
 - using env:	export GIN_MODE=release
 - using code:	gin.SetMode(gin.ReleaseMode)


2025-03-18T08:54:34.825+0700	INFO	routes/auth.go:16	Setting up Auth Routes
2025-03-18T08:54:34.825+0700	INFO	[GIN-debug] POST   /api/v1/auth/login        --> github.com/caophuoclong/codifech/api/controllers.AuthController.SignIn-fm (1 handlers)

2025-03-18T08:54:34.825+0700	INFO	[GIN-debug] Listening and serving HTTP on :8088

2025-03-18T09:32:08.758+0700	INFO	[GIN-debug] [WARNING] Running in "debug" mode. Switch to "release" mode in production.
 - using env:	export GIN_MODE=release
 - using code:	gin.SetMode(gin.ReleaseMode)


2025-03-18T09:32:08.759+0700	INFO	routes/auth.go:16	Setting up Auth Routes
2025-03-18T09:32:08.759+0700	INFO	[GIN-debug] POST   /api/v1/auth/login        --> github.com/caophuoclong/codifech/api/controllers.AuthController.SignIn-fm (1 handlers)

2025-03-18T09:32:08.759+0700	INFO	[GIN-debug] Listening and serving HTTP on :8088

2025-03-18T09:33:17.561+0700	INFO	[GIN-debug] [WARNING] Running in "debug" mode. Switch to "release" mode in production.
 - using env:	export GIN_MODE=release
 - using code:	gin.SetMode(gin.ReleaseMode)


2025-03-18T09:33:17.562+0700	INFO	routes/auth.go:16	Setting up Auth Routes
2025-03-18T09:33:17.562+0700	INFO	[GIN-debug] POST   /api/v1/auth/login        --> github.com/caophuoclong/codifech/api/controllers.AuthController.SignIn-fm (1 handlers)

2025-03-18T09:33:17.562+0700	INFO	[GIN-debug] Listening and serving HTTP on :8088

2025-03-18T09:35:29.516+0700	INFO	[GIN-debug] [WARNING] Running in "debug" mode. Switch to "release" mode in production.
 - using env:	export GIN_MODE=release
 - using code:	gin.SetMode(gin.ReleaseMode)


2025-03-18T09:35:29.516+0700	INFO	routes/auth.go:16	Setting up Auth Routes
2025-03-18T09:35:29.516+0700	INFO	[GIN-debug] POST   /api/v1/auth/login        --> github.com/caophuoclong/codifech/api/controllers.AuthController.SignIn-fm (1 handlers)

2025-03-18T09:35:29.516+0700	INFO	[GIN-debug] Listening and serving HTTP on :8088

2025-03-18T09:35:34.897+0700	INFO	[GIN-debug] [WARNING] Running in "debug" mode. Switch to "release" mode in production.
 - using env:	export GIN_MODE=release
 - using code:	gin.SetMode(gin.ReleaseMode)


2025-03-18T09:35:34.897+0700	INFO	routes/auth.go:16	Setting up Auth Routes
2025-03-18T09:35:34.897+0700	INFO	[GIN-debug] POST   /api/v1/auth/login        --> github.com/caophuoclong/codifech/api/controllers.AuthController.SignIn-fm (1 handlers)

2025-03-18T09:35:34.897+0700	INFO	[GIN-debug] Listening and serving HTTP on :8088

2025-03-18T09:36:26.661+0700	INFO	[GIN-debug] [WARNING] Running in "debug" mode. Switch to "release" mode in production.
 - using env:	export GIN_MODE=release
 - using code:	gin.SetMode(gin.ReleaseMode)


2025-03-18T09:36:26.661+0700	INFO	routes/auth.go:16	Setting up Auth Routes
2025-03-18T09:36:26.661+0700	INFO	[GIN-debug] POST   /api/v1/auth/login        --> github.com/caophuoclong/codifech/api/controllers.AuthController.SignIn-fm (1 handlers)

2025-03-18T09:36:26.661+0700	INFO	[GIN-debug] Listening and serving HTTP on :8088

2025-03-18T09:36:49.427+0700	INFO	[GIN-debug] [WARNING] Running in "debug" mode. Switch to "release" mode in production.
 - using env:	export GIN_MODE=release
 - using code:	gin.SetMode(gin.ReleaseMode)


2025-03-18T09:36:49.427+0700	INFO	routes/auth.go:16	Setting up Auth Routes
2025-03-18T09:36:49.427+0700	INFO	[GIN-debug] POST   /api/v1/auth/login        --> github.com/caophuoclong/codifech/api/controllers.AuthController.SignIn-fm (1 handlers)

2025-03-18T09:36:49.427+0700	INFO	[GIN-debug] Listening and serving HTTP on :8088

2025-03-18T09:37:19.118+0700	INFO	[GIN-debug] [WARNING] Running in "debug" mode. Switch to "release" mode in production.
 - using env:	export GIN_MODE=release
 - using code:	gin.SetMode(gin.ReleaseMode)


2025-03-18T09:37:19.119+0700	INFO	routes/auth.go:16	Setting up Auth Routes
2025-03-18T09:37:19.119+0700	INFO	[GIN-debug] POST   /api/v1/auth/login        --> github.com/caophuoclong/codifech/api/controllers.AuthController.SignIn-fm (1 handlers)

2025-03-18T09:37:19.119+0700	INFO	[GIN-debug] Listening and serving HTTP on :8088

